MIME-Version: 1.0
Content-Type: multipart/alternative;
 boundary="===============7190849439934584258=="
Subject: Verify your email address
From: no-reply@csc.local
To: john.brogan@virgin.net
Date: Thu, 12 Feb 2026 14:47:02 +0000
Message-ID: <177090762237.4364.16673623348400434970@JOHN-PC.cable.virginm.net>

--===============7190849439934584258==
Content-Type: text/plain; charset="utf-8"
Content-Transfer-Encoding: quoted-printable

Hello,

Please verify your email by visiting the link below:

http://127.0.0.1:8000/members/verify-email/a0357ef0-eb59-4a9e-9915-f1bf6ebcf6=
c1/

If you did not create this account, you can ignore this email.

--===============7190849439934584258==
Content-Type: text/html; charset="utf-8"
Content-Transfer-Encoding: quoted-printable
MIME-Version: 1.0

<h2>Verify your email</h2>

<p>Click the button below to verify your account.</p>

<p>
    <a href=3D"http://127.0.0.1:8000/members/verify-email/a0357ef0-eb59-4a9e-=
9915-f1bf6ebcf6c1/"
       style=3D"background:#4CAF50;color:white;padding:10px 15px;
              text-decoration:none;border-radius:5px;">
        Verify Email
    </a>
</p>

<p>If the button does not work, copy this link:</p>
<p>http://127.0.0.1:8000/members/verify-email/a0357ef0-eb59-4a9e-9915-f1bf6eb=
cf6c1/</p>

--===============7190849439934584258==--

-------------------------------------------------------------------------------
