MIME-Version: 1.0
Content-Type: multipart/alternative;
 boundary="===============3304413297634313848=="
Subject: Verify your email address
From: no-reply@csc.local
To: admin@email.com
Date: Thu, 12 Feb 2026 14:42:10 +0000
Message-ID: <177090733024.4364.12893952510334110204@JOHN-PC.cable.virginm.net>

--===============3304413297634313848==
Content-Type: text/plain; charset="utf-8"
Content-Transfer-Encoding: quoted-printable

Hello,

Please verify your email by visiting the link below:

http://127.0.0.1:8000/members/verify-email/df982f8f-5338-43bd-baad-0647749027=
64/

If you did not create this account, you can ignore this email.

--===============3304413297634313848==
Content-Type: text/html; charset="utf-8"
Content-Transfer-Encoding: quoted-printable
MIME-Version: 1.0

<h2>Verify your email</h2>

<p>Click the button below to verify your account.</p>

<p>
    <a href=3D"http://127.0.0.1:8000/members/verify-email/df982f8f-5338-43bd-=
baad-064774902764/"
       style=3D"background:#4CAF50;color:white;padding:10px 15px;
              text-decoration:none;border-radius:5px;">
        Verify Email
    </a>
</p>

<p>If the button does not work, copy this link:</p>
<p>http://127.0.0.1:8000/members/verify-email/df982f8f-5338-43bd-baad-0647749=
02764/</p>

--===============3304413297634313848==--

-------------------------------------------------------------------------------
